#
# There is insufficient memory for the Java Runtime Environment to continue.
# Native memory allocation (mmap) failed to map 1073741824 bytes for Failed to commit area from 0x0000000400c00000 to 0x0000000440c00000 of length 1073741824.
# Possible reasons:
#   The system is out of physical RAM or swap space
#   The process is running with CompressedOops enabled, and the Java Heap may be blocking the growth of the native heap
# Possible solutions:
#   Reduce memory load on the system
#   Increase physical memory or swap space
#   Check if swap backing store is full
#   Decrease Java heap size (-Xmx/-Xms)
#   Decrease number of Java threads
#   Decrease Java thread stack sizes (-Xss)
#   Set larger code cache with -XX:ReservedCodeCacheSize=
# This output file may be truncated or incomplete.
#
#  Out of Memory Error (./src/hotspot/os/windows/os_windows.cpp:3303), pid=27620, tid=26676
#
# JRE version:  (11.0.9+11) (build )
# Java VM: OpenJDK 64-Bit Server VM (11.0.9+11-b944.49, mixed mode, sharing, tiered, compressed oops, g1 gc, windows-amd64)
# No core dump will be written. Minidumps are not enabled by default on client versions of Windows
#

---------------  S U M M A R Y ------------

Command Line: org.jetbrains.git4idea.http.GitAskPassApp Username for 'https://github.com': 

Host: AMD Ryzen 9 3900X 12-Core Processor            , 24 cores, 63G,  Windows 10 , 64 bit Build 19041 (10.0.19041.546)
Time: Mon Nov 30 12:13:05 2020 Hora estándar GMT elapsed time: 0.012826 seconds (0d 0h 0m 0s)

---------------  T H R E A D  ---------------

Current thread (0x000001b0c193e000):  JavaThread "Unknown thread" [_thread_in_vm, id=26676, stack(0x000000937fb00000,0x000000937fc00000)]

Stack: [0x000000937fb00000,0x000000937fc00000]
Native frames: (J=compiled Java code, j=interpreted, Vv=VM code, C=native code)
V  [jvm.dll+0x5ed32a]
V  [jvm.dll+0x722655]
V  [jvm.dll+0x723bad]
V  [jvm.dll+0x724263]
V  [jvm.dll+0x242cc8]
V  [jvm.dll+0x5ea7e4]
V  [jvm.dll+0x5df8f5]
V  [jvm.dll+0x2fe2db]
V  [jvm.dll+0x2fe24a]
V  [jvm.dll+0x2fe122]
V  [jvm.dll+0x302ff6]
V  [jvm.dll+0x34b703]
V  [jvm.dll+0x34be06]
V  [jvm.dll+0x34b803]
V  [jvm.dll+0x2d8f98]
V  [jvm.dll+0x2da137]
V  [jvm.dll+0x7013c7]
V  [jvm.dll+0x702bbc]
V  [jvm.dll+0x358cb9]
V  [jvm.dll+0x6e4e9e]
V  [jvm.dll+0x3c1083]
V  [jvm.dll+0x3c3231]
C  [jli.dll+0x5373]
C  [ucrtbase.dll+0x214c2]
C  [KERNEL32.DLL+0x17034]
C  [ntdll.dll+0x4cec1]


---------------  P R O C E S S  ---------------

Threads class SMR info:
_java_thread_list=0x000001b0c18604b0, length=0, elements={
}

Java Threads: ( => current thread )

Other Threads:
  0x000001b0c3abd000 GCTaskThread "GC Thread#0" [stack: 0x000000937fc00000,0x000000937fd00000] [id=27100]
  0x000001b0c3b7b000 ConcurrentGCThread "G1 Main Marker" [stack: 0x000000937fd00000,0x000000937fe00000] [id=27372]
  0x000001b0c3b7c800 ConcurrentGCThread "G1 Conc#0" [stack: 0x000000937fe00000,0x000000937ff00000] [id=27388]

[error occurred during error reporting (printing all threads), id 0xc0000005, EXCEPTION_ACCESS_VIOLATION (0xc0000005) at pc=0x00007ff80bdb9537]

VM state:not at safepoint (not fully initialized)

VM Mutex/Monitor currently owned by a thread:  ([mutex/lock_event])
[0x000001b0c193baa0] Heap_lock - owner thread: 0x000001b0c193e000

Heap address: 0x0000000400c00000, size: 16372 MB, Compressed Oops mode: Non-zero based: 0x0000000400c00000
Narrow klass base: 0x0000000000000000, Narrow klass shift: 0

GC Heap History (0 events):
No events

Deoptimization events (0 events):
No events

Classes redefined (0 events):
No events

Internal exceptions (0 events):
No events

Events (1 events):
Event: 0.004 Loaded shared library E:\JetBrains\apps\PhpStorm\ch-0\202.8194.11\jbr\bin\zip.dll


Dynamic libraries:
0x00007ff7062a0000 - 0x00007ff7062aa000 	E:\JetBrains\apps\PhpStorm\ch-0\202.8194.11\jbr\bin\java.exe
0x00007ff85f430000 - 0x00007ff85f626000 	C:\WINDOWS\SYSTEM32\ntdll.dll
0x00007ff8316f0000 - 0x00007ff831702000 	C:\Program Files\AVAST Software\Avast\aswhook.dll
0x00007ff85e9f0000 - 0x00007ff85eaad000 	C:\WINDOWS\System32\KERNEL32.DLL
0x00007ff85cdd0000 - 0x00007ff85d098000 	C:\WINDOWS\System32\KERNELBASE.dll
0x00007ff85d280000 - 0x00007ff85d380000 	C:\WINDOWS\System32\ucrtbase.dll
0x00007ff840910000 - 0x00007ff840929000 	E:\JetBrains\apps\PhpStorm\ch-0\202.8194.11\jbr\bin\jli.dll
0x00007ff85e620000 - 0x00007ff85e7c0000 	C:\WINDOWS\System32\USER32.dll
0x00007ff85cc90000 - 0x00007ff85ccb2000 	C:\WINDOWS\System32\win32u.dll
0x00007ff85eab0000 - 0x00007ff85eada000 	C:\WINDOWS\System32\GDI32.dll
0x00007ff85d380000 - 0x00007ff85d489000 	C:\WINDOWS\System32\gdi32full.dll
0x00007ff85cbf0000 - 0x00007ff85cc8d000 	C:\WINDOWS\System32\msvcp_win.dll
0x00007ff8408f0000 - 0x00007ff840907000 	E:\JetBrains\apps\PhpStorm\ch-0\202.8194.11\jbr\bin\VCRUNTIME140.dll
0x00007ff84cb20000 - 0x00007ff84cdbb000 	C:\WINDOWS\WinSxS\amd64_microsoft.windows.common-controls_6595b64144ccf1df_6.0.19041.488_none_ca04af081b815d21\COMCTL32.dll
0x00007ff85e510000 - 0x00007ff85e5ae000 	C:\WINDOWS\System32\msvcrt.dll
0x00007ff85f0c0000 - 0x00007ff85f0f0000 	C:\WINDOWS\System32\IMM32.DLL
0x00007ff831cb0000 - 0x00007ff831d4d000 	E:\JetBrains\apps\PhpStorm\ch-0\202.8194.11\jbr\bin\msvcp140.dll
0x00007ff80bad0000 - 0x00007ff80c59e000 	E:\JetBrains\apps\PhpStorm\ch-0\202.8194.11\jbr\bin\server\jvm.dll
0x00007ff85f150000 - 0x00007ff85f1fc000 	C:\WINDOWS\System32\ADVAPI32.dll
0x00007ff85d9e0000 - 0x00007ff85da7b000 	C:\WINDOWS\System32\sechost.dll
0x00007ff85f2b0000 - 0x00007ff85f3d4000 	C:\WINDOWS\System32\RPCRT4.dll
0x00007ff85ec10000 - 0x00007ff85ec18000 	C:\WINDOWS\System32\PSAPI.DLL
0x00007ff847940000 - 0x00007ff847949000 	C:\WINDOWS\SYSTEM32\WSOCK32.dll
0x00007ff85e5b0000 - 0x00007ff85e61b000 	C:\WINDOWS\System32\WS2_32.dll
0x00007ff84ddd0000 - 0x00007ff84ddf7000 	C:\WINDOWS\SYSTEM32\WINMM.dll
0x00007ff854980000 - 0x00007ff85498a000 	C:\WINDOWS\SYSTEM32\VERSION.dll
0x00007ff85ab10000 - 0x00007ff85ab22000 	C:\WINDOWS\SYSTEM32\kernel.appcore.dll
0x00007ff846830000 - 0x00007ff846841000 	E:\JetBrains\apps\PhpStorm\ch-0\202.8194.11\jbr\bin\verify.dll
0x00007ff853200000 - 0x00007ff8533e4000 	C:\WINDOWS\SYSTEM32\DBGHELP.DLL
0x00007ff8530f0000 - 0x00007ff85311c000 	C:\WINDOWS\SYSTEM32\dbgcore.DLL
0x00007ff85cb70000 - 0x00007ff85cbef000 	C:\WINDOWS\System32\bcryptPrimitives.dll
0x00007ff846800000 - 0x00007ff846829000 	E:\JetBrains\apps\PhpStorm\ch-0\202.8194.11\jbr\bin\java.dll
0x00007ff84b8e0000 - 0x00007ff84b8eb000 	E:\JetBrains\apps\PhpStorm\ch-0\202.8194.11\jbr\bin\jimage.dll
0x00007ff8411d0000 - 0x00007ff8411e8000 	E:\JetBrains\apps\PhpStorm\ch-0\202.8194.11\jbr\bin\zip.dll

dbghelp: loaded successfully - version: 4.0.5 - missing functions: none
symbol engine: initialized successfully - sym options: 0x614 - pdb path: .;E:\JetBrains\apps\PhpStorm\ch-0\202.8194.11\jbr\bin;C:\WINDOWS\SYSTEM32;C:\Program Files\AVAST Software\Avast;C:\WINDOWS\WinSxS\amd64_microsoft.windows.common-controls_6595b64144ccf1df_6.0.19041.488_none_ca04af081b815d21;E:\JetBrains\apps\PhpStorm\ch-0\202.8194.11\jbr\bin\server

VM Arguments:
java_command: org.jetbrains.git4idea.http.GitAskPassApp Username for 'https://github.com': 
java_class_path (initial): E:/JetBrains/apps/PhpStorm/ch-0/202.8194.11/plugins/git4idea/lib/git4idea-rt.jar;E:/JetBrains/apps/PhpStorm/ch-0/202.8194.11/lib/xmlrpc-2.0.1.jar;E:/JetBrains/apps/PhpStorm/ch-0/202.8194.11/lib/commons-codec-1.14.jar
Launcher Type: SUN_STANDARD

[Global flags]
     intx CICompilerCount                          = 12                                        {product} {ergonomic}
     uint ConcGCThreads                            = 5                                         {product} {ergonomic}
     uint G1ConcRefinementThreads                  = 18                                        {product} {ergonomic}
   size_t G1HeapRegionSize                         = 4194304                                   {product} {ergonomic}
    uintx GCDrainStackTargetSize                   = 64                                        {product} {ergonomic}
   size_t InitialHeapSize                          = 1073741824                                {product} {ergonomic}
   size_t MarkStackSize                            = 4194304                                   {product} {ergonomic}
   size_t MaxHeapSize                              = 17167286272                               {product} {ergonomic}
   size_t MinHeapDeltaBytes                        = 4194304                                   {product} {ergonomic}
    uintx NonNMethodCodeHeapSize                   = 7594288                                {pd product} {ergonomic}
    uintx NonProfiledCodeHeapSize                  = 122031976                              {pd product} {ergonomic}
    uintx ProfiledCodeHeapSize                     = 122031976                              {pd product} {ergonomic}
    uintx ReservedCodeCacheSize                    = 251658240                              {pd product} {ergonomic}
     bool SegmentedCodeCache                       = true                                      {product} {ergonomic}
     bool UseCompressedClassPointers               = true                                 {lp64_product} {ergonomic}
     bool UseCompressedOops                        = true                                 {lp64_product} {ergonomic}
     bool UseG1GC                                  = true                                      {product} {ergonomic}
     bool UseLargePagesIndividualAllocation        = false                                  {pd product} {ergonomic}

Logging:
Log output configuration:
 #0: stdout all=warning uptime,level,tags
 #1: stderr all=off uptime,level,tags

Environment Variables:
JAVA_HOME=E:\JDK
PATH=C:/Program Files/Git/mingw64/libexec/git-core;C:/Program Files/Git/mingw64/libexec/git-core;C:\Program Files\Git\mingw64\bin;C:\Program Files\Git\usr\bin;C:\Users\fizda\bin;C:\Program Files (x86)\Common Files\Oracle\Java\javapath;C:\ProgramData\Oracle\Java\javapath;C:\Windows\system32;C:\Windows;C:\Windows\System32\Wbem;C:\Windows\System32\WindowsPowerShell\v1.0\;E:\xampp\php\;C:\Program Files\Microsoft SQL Server\130\Tools\Binn\;E:\Androidsdk\platform-tools;E:\Androidsdk\tools;C:\Program Files\Microsoft\Web Platform Installer\;E:\openssl\bin;E:\JDK\jre\bin;C:\WINDOWS\system32;C:\WINDOWS;C:\WINDOWS\System32\Wbem;C:\WINDOWS\System32\WindowsPowerShell\v1.0\;C:\ProgramData\ComposerSetup\bin;E:\putty\;C:\Program Files\IDM Computer Solutions\UltraEdit;C:\ProgramData\chocolatey\bin;e:\flutter\bin;C:\WINDOWS\System32\OpenSSH\;C:\MinGW\bin;E:\gradle\bin;C:\Program Files\AutoFirma\AutoFirma;C:\Program Files\dotnet\;C:\Users\fizda\AppData\Roaming\nvm;C:\Program Files\nodejs;E:\JDK\bin;E:\ffmpeg\bin;C:\Program Files\NVIDIA Corporation\NVIDIA NvDLISR;C:\Program Files (x86)\NVIDIA Corporation\PhysX\Common;C:\WINDOWS\system32;C:\WINDOWS;C:\WINDOWS\System32\Wbem;C:\WINDOWS\System32\WindowsPowerShell\v1.0\;C:\WINDOWS\System32\OpenSSH\;C:\Program Files\Docker\Docker\resources\bin;C:\ProgramData\DockerDesktop\version-bin;C:\Program Files\Git\cmd;C:\Users\fizda\AppData\Local\Programs\Python\Python38\Scripts\;C:\Users\fizda\AppData\Local\Programs\Python\Python38\;%USERPROFILE%\AppData\Local\Microsoft\WindowsApps;E:\Heroku\bin;C:\Users\fizda\AppData\Roaming\Composer\vendor\bin;C:\Users\fizda\AppData\Local\Programs\EmEditor;C:\Users\fizda\AppData\Roaming\npm;%NVM_HOME%;%NVM_SYMLINK%;%JAVA_HOME%\bin;E:\learning material\exercismCLI
USERNAME=fizdalf
DISPLAY=:0.0
LC_ALL=en_US.UTF-8
OS=Windows_NT
PROCESSOR_IDENTIFIER=AMD64 Family 23 Model 113 Stepping 0, AuthenticAMD



---------------  S Y S T E M  ---------------

OS: Windows 10 , 64 bit Build 19041 (10.0.19041.546)
OS uptime: 0 days 3:03 hours
HyperV virtualization detected

CPU:total 24 (initial active 24) (24 cores per cpu, 2 threads per core) family 23 model 113 stepping 0, cmov, cx8, fxsr, mmx, sse, sse2, sse3, ssse3, sse4.1, sse4.2, popcnt, avx, avx2, aes, clmul, mmxext, 3dnowpref, lzcnt, sse4a, ht, tsc, tscinvbit, tscinv, bmi1, bmi2, adx, sha, fma

Memory: 4k page, system-wide physical 65487M (21732M free)
TotalPageFile size 79725M (AvailPageFile size 413M)
current process WorkingSet (physical memory assigned to process): 10M, peak: 10M
current process commit charge ("private bytes"): 82M, peak: 1106M

vm_info: OpenJDK 64-Bit Server VM (11.0.9+11-b944.49) for windows-amd64 JRE (11.0.9+11-b944.49), built on Nov 21 2020 13:01:57 by "" with MS VC++ 14.0 (VS2015)

END.
